<?xml version="1.0" encoding="UTF-8"?>
<!-- Generated by org.testng.reporters.JUnitXMLReporter -->
<testsuite ignored="0" hostname="DESKTOP-9GIQDKD" failures="5" tests="16" name="Test" time="572.95" errors="0" timestamp="2023-04-17T12:10:05 IST">
  <testcase classname="testcases.OnewayTripTest" name="OnewayFamilyFriends" time="41.801">
    <failure type="java.lang.AssertionError" message="expected [valid card] but found [Please enter a valid card]">
      <![CDATA[java.lang.AssertionError: expected [valid card] but found [Please enter a valid card]
at pageObjects.OnewayTripPage.enterpaymentdetail(OnewayTripPage.java:409)
at testcases.OnewayTripTest.OnewayFamilyFriends(OnewayTripTest.java:33)
at java.base/java.util.ArrayList.forEach(ArrayList.java:1511)
... Removed 31 stack frames]]>
    </failure>
  </testcase> <!-- OnewayFamilyFriends -->
  <testcase classname="testcases.OnewayTripTest" name="OnewayStudents" time="8.788"/>
  <testcase classname="testcases.RoundTripTest" name="RoundTripFamilyFriends" time="40.334">
    <failure type="org.openqa.selenium.NoSuchElementException" message="Unable to locate element: //div[@class=&amp;apos;css-76zvg2 css-bfa6kz r-homxoj r-poiln3 r-ubezar r-j2kj52&amp;apos;]
For documentation on this error, please visit: https://selenium.dev/exceptions/#no_such_element
Build info: version: &amp;apos;4.8.1&amp;apos;, revision: &amp;apos;8ebccac989&amp;apos;
System info: os.name: &amp;apos;Windows 11&amp;apos;, os.arch: &amp;apos;amd64&amp;apos;, os.version: &amp;apos;10.0&amp;apos;, java.version: &amp;apos;19.0.1&amp;apos;
Driver info: org.openqa.selenium.firefox.FirefoxDriver
Command: [51731ff9-7902-4707-8c6d-137ccd89dfee, findElement {using=xpath, value=//div[@class=&amp;apos;css-76zvg2 css-bfa6kz r-homxoj r-poiln3 r-ubezar r-j2kj52&amp;apos;]}]
Capabilities {acceptInsecureCerts: true, browserName: firefox, browserVersion: 112.0, moz:accessibilityChecks: false, moz:buildID: 20230406114409, moz:debuggerAddress: 127.0.0.1:18302, moz:geckodriverVersion: 0.33.0, moz:headless: false, moz:platformVersion: 10.0, moz:processID: 3944, moz:profile: C:\Users\Dell\AppData\Local..., moz:shutdownTimeout: 60000, moz:useNonSpecCompliantPointerOrigin: false, moz:webdriverClick: true, moz:windowless: false, pageLoadStrategy: normal, platformName: WINDOWS, proxy: Proxy(), se:cdp: ws://127.0.0.1:18302/devtoo..., se:cdpVersion: 85.0, setWindowRect: true, strictFileInteractability: false, timeouts: {implicit: 0, pageLoad: 300000, script: 30000}, unhandledPromptBehavior: dismiss and notify}
Session ID: 51731ff9-7902-4707-8c6d-137ccd89dfee">
      <![CDATA[org.openqa.selenium.NoSuchElementException: Unable to locate element: //div[@class='css-76zvg2 css-bfa6kz r-homxoj r-poiln3 r-ubezar r-j2kj52']
For documentation on this error, please visit: https://selenium.dev/exceptions/#no_such_element
Build info: version: '4.8.1', revision: '8ebccac989'
System info: os.name: 'Windows 11', os.arch: 'amd64', os.version: '10.0', java.version: '19.0.1'
Driver info: org.openqa.selenium.firefox.FirefoxDriver
Command: [51731ff9-7902-4707-8c6d-137ccd89dfee, findElement {using=xpath, value=//div[@class='css-76zvg2 css-bfa6kz r-homxoj r-poiln3 r-ubezar r-j2kj52']}]
Capabilities {acceptInsecureCerts: true, browserName: firefox, browserVersion: 112.0, moz:accessibilityChecks: false, moz:buildID: 20230406114409, moz:debuggerAddress: 127.0.0.1:18302, moz:geckodriverVersion: 0.33.0, moz:headless: false, moz:platformVersion: 10.0, moz:processID: 3944, moz:profile: C:\Users\Dell\AppData\Local..., moz:shutdownTimeout: 60000, moz:useNonSpecCompliantPointerOrigin: false, moz:webdriverClick: true, moz:windowless: false, pageLoadStrategy: normal, platformName: WINDOWS, proxy: Proxy(), se:cdp: ws://127.0.0.1:18302/devtoo..., se:cdpVersion: 85.0, setWindowRect: true, strictFileInteractability: false, timeouts: {implicit: 0, pageLoad: 300000, script: 30000}, unhandledPromptBehavior: dismiss and notify}
Session ID: 51731ff9-7902-4707-8c6d-137ccd89dfee
at org.openqa.selenium.remote.codec.w3c.W3CHttpResponseCodec.createException(W3CHttpResponseCodec.java:200)
at org.openqa.selenium.remote.codec.w3c.W3CHttpResponseCodec.decode(W3CHttpResponseCodec.java:133)
at org.openqa.selenium.remote.codec.w3c.W3CHttpResponseCodec.decode(W3CHttpResponseCodec.java:53)
at org.openqa.selenium.remote.HttpCommandExecutor.execute(HttpCommandExecutor.java:184)
at org.openqa.selenium.remote.service.DriverCommandExecutor.invokeExecute(DriverCommandExecutor.java:167)
at org.openqa.selenium.remote.service.DriverCommandExecutor.execute(DriverCommandExecutor.java:142)
at org.openqa.selenium.remote.RemoteWebDriver.execute(RemoteWebDriver.java:543)
at org.openqa.selenium.remote.ElementLocation$ElementFinder$2.findElement(ElementLocation.java:162)
at org.openqa.selenium.remote.ElementLocation.findElement(ElementLocation.java:60)
at org.openqa.selenium.remote.RemoteWebDriver.findElement(RemoteWebDriver.java:352)
at org.openqa.selenium.remote.RemoteWebDriver.findElement(RemoteWebDriver.java:344)
at org.openqa.selenium.support.pagefactory.DefaultElementLocator.findElement(DefaultElementLocator.java:70)
at org.openqa.selenium.support.pagefactory.internal.LocatingElementHandler.invoke(LocatingElementHandler.java:39)
at jdk.proxy2/jdk.proxy2.$Proxy14.click(Unknown Source)
at pageObjects.RoundTripPage.entercontactdetails(RoundTripPage.java:286)
at testcases.RoundTripTest.RoundTripFamilyFriends(RoundTripTest.java:23)
at java.base/java.util.ArrayList.forEach(ArrayList.java:1511)
... Removed 28 stack frames]]>
    </failure>
  </testcase> <!-- RoundTripFamilyFriends -->
  <testcase classname="testcases.RoundTripTest" name="RoundTripStudents" time="13.101"/>
  <testcase classname="testcases.SignupTest" name="Signup" time="35.858">
    <failure type="org.openqa.selenium.NoSuchElementException" message="Unable to locate element: //div[contains(text(),&amp;apos;Member account exists with given email ID&amp;apos;)]
For documentation on this error, please visit: https://selenium.dev/exceptions/#no_such_element
Build info: version: &amp;apos;4.8.1&amp;apos;, revision: &amp;apos;8ebccac989&amp;apos;
System info: os.name: &amp;apos;Windows 11&amp;apos;, os.arch: &amp;apos;amd64&amp;apos;, os.version: &amp;apos;10.0&amp;apos;, java.version: &amp;apos;19.0.1&amp;apos;
Driver info: org.openqa.selenium.firefox.FirefoxDriver
Command: [de67f194-9e9a-4931-a43b-5c1a6f8e1a5c, findElement {using=xpath, value=//div[contains(text(),&amp;apos;Member account exists with given email ID&amp;apos;)]}]
Capabilities {acceptInsecureCerts: true, browserName: firefox, browserVersion: 112.0, moz:accessibilityChecks: false, moz:buildID: 20230406114409, moz:debuggerAddress: 127.0.0.1:34591, moz:geckodriverVersion: 0.33.0, moz:headless: false, moz:platformVersion: 10.0, moz:processID: 29488, moz:profile: C:\Users\Dell\AppData\Local..., moz:shutdownTimeout: 60000, moz:useNonSpecCompliantPointerOrigin: false, moz:webdriverClick: true, moz:windowless: false, pageLoadStrategy: normal, platformName: WINDOWS, proxy: Proxy(), se:cdp: ws://127.0.0.1:34591/devtoo..., se:cdpVersion: 85.0, setWindowRect: true, strictFileInteractability: false, timeouts: {implicit: 0, pageLoad: 300000, script: 30000}, unhandledPromptBehavior: dismiss and notify}
Session ID: de67f194-9e9a-4931-a43b-5c1a6f8e1a5c">
      <![CDATA[org.openqa.selenium.NoSuchElementException: Unable to locate element: //div[contains(text(),'Member account exists with given email ID')]
For documentation on this error, please visit: https://selenium.dev/exceptions/#no_such_element
Build info: version: '4.8.1', revision: '8ebccac989'
System info: os.name: 'Windows 11', os.arch: 'amd64', os.version: '10.0', java.version: '19.0.1'
Driver info: org.openqa.selenium.firefox.FirefoxDriver
Command: [de67f194-9e9a-4931-a43b-5c1a6f8e1a5c, findElement {using=xpath, value=//div[contains(text(),'Member account exists with given email ID')]}]
Capabilities {acceptInsecureCerts: true, browserName: firefox, browserVersion: 112.0, moz:accessibilityChecks: false, moz:buildID: 20230406114409, moz:debuggerAddress: 127.0.0.1:34591, moz:geckodriverVersion: 0.33.0, moz:headless: false, moz:platformVersion: 10.0, moz:processID: 29488, moz:profile: C:\Users\Dell\AppData\Local..., moz:shutdownTimeout: 60000, moz:useNonSpecCompliantPointerOrigin: false, moz:webdriverClick: true, moz:windowless: false, pageLoadStrategy: normal, platformName: WINDOWS, proxy: Proxy(), se:cdp: ws://127.0.0.1:34591/devtoo..., se:cdpVersion: 85.0, setWindowRect: true, strictFileInteractability: false, timeouts: {implicit: 0, pageLoad: 300000, script: 30000}, unhandledPromptBehavior: dismiss and notify}
Session ID: de67f194-9e9a-4931-a43b-5c1a6f8e1a5c
at org.openqa.selenium.remote.codec.w3c.W3CHttpResponseCodec.createException(W3CHttpResponseCodec.java:200)
at org.openqa.selenium.remote.codec.w3c.W3CHttpResponseCodec.decode(W3CHttpResponseCodec.java:133)
at org.openqa.selenium.remote.codec.w3c.W3CHttpResponseCodec.decode(W3CHttpResponseCodec.java:53)
at org.openqa.selenium.remote.HttpCommandExecutor.execute(HttpCommandExecutor.java:184)
at org.openqa.selenium.remote.service.DriverCommandExecutor.invokeExecute(DriverCommandExecutor.java:167)
at org.openqa.selenium.remote.service.DriverCommandExecutor.execute(DriverCommandExecutor.java:142)
at org.openqa.selenium.remote.RemoteWebDriver.execute(RemoteWebDriver.java:543)
at org.openqa.selenium.remote.ElementLocation$ElementFinder$2.findElement(ElementLocation.java:162)
at org.openqa.selenium.remote.ElementLocation.findElement(ElementLocation.java:60)
at org.openqa.selenium.remote.RemoteWebDriver.findElement(RemoteWebDriver.java:352)
at org.openqa.selenium.remote.RemoteWebDriver.findElement(RemoteWebDriver.java:344)
at org.openqa.selenium.support.pagefactory.DefaultElementLocator.findElement(DefaultElementLocator.java:70)
at org.openqa.selenium.support.pagefactory.internal.LocatingElementHandler.invoke(LocatingElementHandler.java:39)
at jdk.proxy2/jdk.proxy2.$Proxy14.getText(Unknown Source)
at pageObjects.SignupPage.userexist(SignupPage.java:124)
at testcases.SignupTest.Signup(SignupTest.java:25)
at java.base/java.util.ArrayList.forEach(ArrayList.java:1511)
... Removed 28 stack frames]]>
    </failure>
  </testcase> <!-- Signup -->
  <testcase classname="testcases.LoginTest" name="LoginwithValidCredentials1" time="21.068"/>
  <testcase classname="testcases.LoginTest" name="LoginwithInvalidPassword" time="2.049"/>
  <testcase classname="testcases.LoginTest" name="LoginwithInvalidEmail" time="2.744"/>
  <testcase classname="testcases.LoginTest" name="LoginwithInvalidCredentials1" time="5.891"/>
  <testcase classname="testcases.LoginTest" name="LoginwithValidMobileCredentials1" time="8.426"/>
  <testcase classname="testcases.LoginTest" name="LoginwithMobileInvalidPassword" time="9.708"/>
  <testcase classname="testcases.LoginTest" name="LoginwithInvalidMobilenumber" time="3.762"/>
  <testcase classname="testcases.LoginTest" name="LoginwithInvalidMobileCredentials1" time="5.859"/>
  <testcase classname="testcases.ManageBookingTest" name="ManageBookingOperation" time="15.192">
    <failure type="java.lang.AssertionError" message="expected [Valid PNR or Ticket Number] but found [Invalid PNR or Ticket Number]">
      <![CDATA[java.lang.AssertionError: expected [Valid PNR or Ticket Number] but found [Invalid PNR or Ticket Number]
at pageObjects.ManageBookingPage.SearchBooking(ManageBookingPage.java:36)
at testcases.ManageBookingTest.ManageBookingOperation(ManageBookingTest.java:15)
at java.base/java.util.ArrayList.forEach(ArrayList.java:1511)
... Removed 31 stack frames]]>
    </failure>
  </testcase> <!-- ManageBookingOperation -->
  <testcase classname="testcases.CheckinTest" name="SearchBookingOperation" time="14.371">
    <failure type="java.lang.AssertionError" message="expected [Valid PNR or Ticket Number] but found [Invalid PNR or Ticket Number]">
      <![CDATA[java.lang.AssertionError: expected [Valid PNR or Ticket Number] but found [Invalid PNR or Ticket Number]
at pageObjects.CheckinPage.SearchBooking(CheckinPage.java:36)
at testcases.CheckinTest.SearchBookingOperation(CheckinTest.java:15)
at java.base/java.util.ArrayList.forEach(ArrayList.java:1511)
... Removed 31 stack frames]]>
    </failure>
  </testcase> <!-- SearchBookingOperation -->
  <testcase classname="testcases.FlightStatusTest" name="SearchFlightOperation" time="54.293"/>
</testsuite> <!-- Test -->
