<?xml version="1.0" encoding="UTF-8"?>
<testng-results ignored="0" total="16" passed="12" failed="4" skipped="0">
  <reporter-output>
  </reporter-output>
  <suite started-at="2023-04-17T14:54:14 IST" name="Suite" finished-at="2023-04-17T15:00:45 IST" duration-ms="391357">
    <groups>
    </groups>
    <test started-at="2023-04-17T14:54:14 IST" name="Test" finished-at="2023-04-17T15:00:45 IST" duration-ms="391357">
      <class name="testcases.SignupTest">
        <test-method is-config="true" signature="Startup()[pri:0, instance:testcases.SignupTest@1807e3f6]" started-at="2023-04-17T14:56:49 IST" name="Startup" finished-at="2023-04-17T14:56:59 IST" duration-ms="9311" status="PASS">
          <reporter-output>
          </reporter-output>
        </test-method> <!-- Startup -->
        <test-method signature="Signup()[pri:0, instance:testcases.SignupTest@1807e3f6]" started-at="2023-04-17T14:56:59 IST" name="Signup" finished-at="2023-04-17T14:57:34 IST" duration-ms="35378" status="PASS">
          <reporter-output>
          </reporter-output>
        </test-method> <!-- Signup -->
        <test-method is-config="true" signature="close()[pri:0, instance:testcases.SignupTest@1807e3f6]" started-at="2023-04-17T14:57:34 IST" name="close" finished-at="2023-04-17T14:57:35 IST" duration-ms="1332" status="PASS">
          <reporter-output>
          </reporter-output>
        </test-method> <!-- close -->
      </class> <!-- testcases.SignupTest -->
      <class name="testcases.FlightStatusTest">
        <test-method is-config="true" signature="Startup()[pri:0, instance:testcases.FlightStatusTest@26abb146]" started-at="2023-04-17T15:00:01 IST" name="Startup" finished-at="2023-04-17T15:00:10 IST" duration-ms="9248" status="PASS">
          <reporter-output>
          </reporter-output>
        </test-method> <!-- Startup -->
        <test-method signature="SearchFlightOperation()[pri:0, instance:testcases.FlightStatusTest@26abb146]" started-at="2023-04-17T15:00:10 IST" name="SearchFlightOperation" finished-at="2023-04-17T15:00:44 IST" duration-ms="34132" status="PASS">
          <reporter-output>
          </reporter-output>
        </test-method> <!-- SearchFlightOperation -->
        <test-method is-config="true" signature="close()[pri:0, instance:testcases.FlightStatusTest@26abb146]" started-at="2023-04-17T15:00:44 IST" name="close" finished-at="2023-04-17T15:00:45 IST" duration-ms="1155" status="PASS">
          <reporter-output>
          </reporter-output>
        </test-method> <!-- close -->
      </class> <!-- testcases.FlightStatusTest -->
      <class name="testcases.RoundTripTest">
        <test-method is-config="true" signature="Startup()[pri:0, instance:testcases.RoundTripTest@55cb6996]" started-at="2023-04-17T14:55:28 IST" name="Startup" finished-at="2023-04-17T14:55:39 IST" duration-ms="10328" status="PASS">
          <reporter-output>
          </reporter-output>
        </test-method> <!-- Startup -->
        <test-method signature="RoundTripFamilyFriends()[pri:1, instance:testcases.RoundTripTest@55cb6996]" started-at="2023-04-17T14:55:39 IST" name="RoundTripFamilyFriends" finished-at="2023-04-17T14:56:26 IST" duration-ms="47057" status="FAIL">
          <exception class="java.lang.AssertionError">
            <message>
              <![CDATA[expected [ valid card] but found [Please enter a valid card]]]>
            </message>
            <full-stacktrace>
              <![CDATA[java.lang.AssertionError: expected [ valid card] but found [Please enter a valid card]
at org.testng.Assert.fail(Assert.java:110)
at org.testng.Assert.failNotEquals(Assert.java:1577)
at org.testng.Assert.assertEqualsImpl(Assert.java:149)
at org.testng.Assert.assertEquals(Assert.java:131)
at org.testng.Assert.assertEquals(Assert.java:655)
at org.testng.Assert.assertEquals(Assert.java:665)
at pageObjects.RoundTripPage.enterpaymentdetail(RoundTripPage.java:444)
at testcases.RoundTripTest.RoundTripFamilyFriends(RoundTripTest.java:30)
at java.base/jdk.internal.reflect.DirectMethodHandleAccessor.invoke(DirectMethodHandleAccessor.java:104)
at java.base/java.lang.reflect.Method.invoke(Method.java:578)
at org.testng.internal.invokers.MethodInvocationHelper.invokeMethod(MethodInvocationHelper.java:139)
at org.testng.internal.invokers.TestInvoker.invokeMethod(TestInvoker.java:677)
at org.testng.internal.invokers.TestInvoker.invokeTestMethod(TestInvoker.java:221)
at org.testng.internal.invokers.MethodRunner.runInSequence(MethodRunner.java:50)
at org.testng.internal.invokers.TestInvoker$MethodInvocationAgent.invoke(TestInvoker.java:969)
at org.testng.internal.invokers.TestInvoker.invokeTestMethods(TestInvoker.java:194)
at org.testng.internal.invokers.TestMethodWorker.invokeTestMethods(TestMethodWorker.java:148)
at org.testng.internal.invokers.TestMethodWorker.run(TestMethodWorker.java:128)
at java.base/java.util.ArrayList.forEach(ArrayList.java:1511)
at org.testng.TestRunner.privateRun(TestRunner.java:829)
at org.testng.TestRunner.run(TestRunner.java:602)
at org.testng.SuiteRunner.runTest(SuiteRunner.java:437)
at org.testng.SuiteRunner.runSequentially(SuiteRunner.java:431)
at org.testng.SuiteRunner.privateRun(SuiteRunner.java:391)
at org.testng.SuiteRunner.run(SuiteRunner.java:330)
at org.testng.SuiteRunnerWorker.runSuite(SuiteRunnerWorker.java:52)
at org.testng.SuiteRunnerWorker.run(SuiteRunnerWorker.java:95)
at org.testng.TestNG.runSuitesSequentially(TestNG.java:1256)
at org.testng.TestNG.runSuitesLocally(TestNG.java:1176)
at org.testng.TestNG.runSuites(TestNG.java:1099)
at org.testng.TestNG.run(TestNG.java:1067)
at org.apache.maven.surefire.testng.TestNGExecutor.run(TestNGExecutor.java:308)
at org.apache.maven.surefire.testng.TestNGXmlTestSuite.execute(TestNGXmlTestSuite.java:71)
at org.apache.maven.surefire.testng.TestNGProvider.invoke(TestNGProvider.java:113)
at org.apache.maven.surefire.booter.ForkedBooter.runSuitesInProcess(ForkedBooter.java:385)
at org.apache.maven.surefire.booter.ForkedBooter.execute(ForkedBooter.java:162)
at org.apache.maven.surefire.booter.ForkedBooter.run(ForkedBooter.java:507)
at org.apache.maven.surefire.booter.ForkedBooter.main(ForkedBooter.java:495)
]]>
            </full-stacktrace>
          </exception> <!-- java.lang.AssertionError -->
          <reporter-output>
          </reporter-output>
        </test-method> <!-- RoundTripFamilyFriends -->
        <test-method is-config="true" signature="close()[pri:0, instance:testcases.RoundTripTest@55cb6996]" started-at="2023-04-17T14:56:26 IST" name="close" finished-at="2023-04-17T14:56:27 IST" duration-ms="1403" status="PASS">
          <reporter-output>
          </reporter-output>
        </test-method> <!-- close -->
        <test-method is-config="true" signature="Startup()[pri:0, instance:testcases.RoundTripTest@55cb6996]" started-at="2023-04-17T14:56:27 IST" name="Startup" finished-at="2023-04-17T14:56:39 IST" duration-ms="11572" status="PASS">
          <reporter-output>
          </reporter-output>
        </test-method> <!-- Startup -->
        <test-method signature="RoundTripStudents()[pri:2, instance:testcases.RoundTripTest@55cb6996]" started-at="2023-04-17T14:56:39 IST" name="RoundTripStudents" finished-at="2023-04-17T14:56:48 IST" duration-ms="9294" status="PASS">
          <reporter-output>
          </reporter-output>
        </test-method> <!-- RoundTripStudents -->
        <test-method is-config="true" signature="close()[pri:0, instance:testcases.RoundTripTest@55cb6996]" started-at="2023-04-17T14:56:48 IST" name="close" finished-at="2023-04-17T14:56:49 IST" duration-ms="1142" status="PASS">
          <reporter-output>
          </reporter-output>
        </test-method> <!-- close -->
      </class> <!-- testcases.RoundTripTest -->
      <class name="testcases.OnewayTripTest">
        <test-method is-config="true" signature="Startup()[pri:0, instance:testcases.OnewayTripTest@25be7b63]" started-at="2023-04-17T14:54:14 IST" name="Startup" finished-at="2023-04-17T14:54:25 IST" duration-ms="10973" status="PASS">
          <reporter-output>
          </reporter-output>
        </test-method> <!-- Startup -->
        <test-method signature="OnewayFamilyFriends()[pri:1, instance:testcases.OnewayTripTest@25be7b63]" started-at="2023-04-17T14:54:25 IST" name="OnewayFamilyFriends" finished-at="2023-04-17T14:55:06 IST" duration-ms="40853" status="FAIL">
          <exception class="java.lang.AssertionError">
            <message>
              <![CDATA[expected [valid card] but found [Please enter a valid card]]]>
            </message>
            <full-stacktrace>
              <![CDATA[java.lang.AssertionError: expected [valid card] but found [Please enter a valid card]
at org.testng.Assert.fail(Assert.java:110)
at org.testng.Assert.failNotEquals(Assert.java:1577)
at org.testng.Assert.assertEqualsImpl(Assert.java:149)
at org.testng.Assert.assertEquals(Assert.java:131)
at org.testng.Assert.assertEquals(Assert.java:655)
at org.testng.Assert.assertEquals(Assert.java:665)
at pageObjects.OnewayTripPage.enterpaymentdetail(OnewayTripPage.java:409)
at testcases.OnewayTripTest.OnewayFamilyFriends(OnewayTripTest.java:33)
at java.base/jdk.internal.reflect.DirectMethodHandleAccessor.invoke(DirectMethodHandleAccessor.java:104)
at java.base/java.lang.reflect.Method.invoke(Method.java:578)
at org.testng.internal.invokers.MethodInvocationHelper.invokeMethod(MethodInvocationHelper.java:139)
at org.testng.internal.invokers.TestInvoker.invokeMethod(TestInvoker.java:677)
at org.testng.internal.invokers.TestInvoker.invokeTestMethod(TestInvoker.java:221)
at org.testng.internal.invokers.MethodRunner.runInSequence(MethodRunner.java:50)
at org.testng.internal.invokers.TestInvoker$MethodInvocationAgent.invoke(TestInvoker.java:969)
at org.testng.internal.invokers.TestInvoker.invokeTestMethods(TestInvoker.java:194)
at org.testng.internal.invokers.TestMethodWorker.invokeTestMethods(TestMethodWorker.java:148)
at org.testng.internal.invokers.TestMethodWorker.run(TestMethodWorker.java:128)
at java.base/java.util.ArrayList.forEach(ArrayList.java:1511)
at org.testng.TestRunner.privateRun(TestRunner.java:829)
at org.testng.TestRunner.run(TestRunner.java:602)
at org.testng.SuiteRunner.runTest(SuiteRunner.java:437)
at org.testng.SuiteRunner.runSequentially(SuiteRunner.java:431)
at org.testng.SuiteRunner.privateRun(SuiteRunner.java:391)
at org.testng.SuiteRunner.run(SuiteRunner.java:330)
at org.testng.SuiteRunnerWorker.runSuite(SuiteRunnerWorker.java:52)
at org.testng.SuiteRunnerWorker.run(SuiteRunnerWorker.java:95)
at org.testng.TestNG.runSuitesSequentially(TestNG.java:1256)
at org.testng.TestNG.runSuitesLocally(TestNG.java:1176)
at org.testng.TestNG.runSuites(TestNG.java:1099)
at org.testng.TestNG.run(TestNG.java:1067)
at org.apache.maven.surefire.testng.TestNGExecutor.run(TestNGExecutor.java:308)
at org.apache.maven.surefire.testng.TestNGXmlTestSuite.execute(TestNGXmlTestSuite.java:71)
at org.apache.maven.surefire.testng.TestNGProvider.invoke(TestNGProvider.java:113)
at org.apache.maven.surefire.booter.ForkedBooter.runSuitesInProcess(ForkedBooter.java:385)
at org.apache.maven.surefire.booter.ForkedBooter.execute(ForkedBooter.java:162)
at org.apache.maven.surefire.booter.ForkedBooter.run(ForkedBooter.java:507)
at org.apache.maven.surefire.booter.ForkedBooter.main(ForkedBooter.java:495)
]]>
            </full-stacktrace>
          </exception> <!-- java.lang.AssertionError -->
          <reporter-output>
          </reporter-output>
        </test-method> <!-- OnewayFamilyFriends -->
        <test-method is-config="true" signature="close()[pri:0, instance:testcases.OnewayTripTest@25be7b63]" started-at="2023-04-17T14:55:06 IST" name="close" finished-at="2023-04-17T14:55:08 IST" duration-ms="1803" status="PASS">
          <reporter-output>
          </reporter-output>
        </test-method> <!-- close -->
        <test-method is-config="true" signature="Startup()[pri:0, instance:testcases.OnewayTripTest@25be7b63]" started-at="2023-04-17T14:55:08 IST" name="Startup" finished-at="2023-04-17T14:55:18 IST" duration-ms="10394" status="PASS">
          <reporter-output>
          </reporter-output>
        </test-method> <!-- Startup -->
        <test-method signature="OnewayStudents()[pri:4, instance:testcases.OnewayTripTest@25be7b63]" started-at="2023-04-17T14:55:18 IST" name="OnewayStudents" finished-at="2023-04-17T14:55:27 IST" duration-ms="8963" status="PASS">
          <reporter-output>
          </reporter-output>
        </test-method> <!-- OnewayStudents -->
        <test-method is-config="true" signature="close()[pri:0, instance:testcases.OnewayTripTest@25be7b63]" started-at="2023-04-17T14:55:27 IST" name="close" finished-at="2023-04-17T14:55:28 IST" duration-ms="1351" status="PASS">
          <reporter-output>
          </reporter-output>
        </test-method> <!-- close -->
      </class> <!-- testcases.OnewayTripTest -->
      <class name="testcases.LoginTest">
        <test-method is-config="true" signature="Startup()[pri:0, instance:testcases.LoginTest@480d3575]" started-at="2023-04-17T14:57:35 IST" name="Startup" finished-at="2023-04-17T14:57:44 IST" duration-ms="9101" status="PASS">
          <reporter-output>
          </reporter-output>
        </test-method> <!-- Startup -->
        <test-method signature="LoginwithValidCredentials1()[pri:1, instance:testcases.LoginTest@480d3575]" started-at="2023-04-17T14:57:44 IST" name="LoginwithValidCredentials1" finished-at="2023-04-17T14:57:50 IST" duration-ms="5637" status="PASS">
          <reporter-output>
          </reporter-output>
        </test-method> <!-- LoginwithValidCredentials1 -->
        <test-method is-config="true" signature="close()[pri:0, instance:testcases.LoginTest@480d3575]" started-at="2023-04-17T14:57:50 IST" name="close" finished-at="2023-04-17T14:57:51 IST" duration-ms="1261" status="PASS">
          <reporter-output>
          </reporter-output>
        </test-method> <!-- close -->
        <test-method is-config="true" signature="Startup()[pri:0, instance:testcases.LoginTest@480d3575]" started-at="2023-04-17T14:57:51 IST" name="Startup" finished-at="2023-04-17T14:58:13 IST" duration-ms="22059" status="PASS">
          <reporter-output>
          </reporter-output>
        </test-method> <!-- Startup -->
        <test-method signature="LoginwithInvalidPassword()[pri:2, instance:testcases.LoginTest@480d3575]" started-at="2023-04-17T14:58:13 IST" name="LoginwithInvalidPassword" finished-at="2023-04-17T14:58:15 IST" duration-ms="1403" status="PASS">
          <reporter-output>
          </reporter-output>
        </test-method> <!-- LoginwithInvalidPassword -->
        <test-method is-config="true" signature="close()[pri:0, instance:testcases.LoginTest@480d3575]" started-at="2023-04-17T14:58:15 IST" name="close" finished-at="2023-04-17T14:58:16 IST" duration-ms="1160" status="PASS">
          <reporter-output>
          </reporter-output>
        </test-method> <!-- close -->
        <test-method is-config="true" signature="Startup()[pri:0, instance:testcases.LoginTest@480d3575]" started-at="2023-04-17T14:58:16 IST" name="Startup" finished-at="2023-04-17T14:58:24 IST" duration-ms="8506" status="PASS">
          <reporter-output>
          </reporter-output>
        </test-method> <!-- Startup -->
        <test-method signature="LoginwithInvalidEmail()[pri:3, instance:testcases.LoginTest@480d3575]" started-at="2023-04-17T14:58:24 IST" name="LoginwithInvalidEmail" finished-at="2023-04-17T14:58:27 IST" duration-ms="3029" status="PASS">
          <reporter-output>
          </reporter-output>
        </test-method> <!-- LoginwithInvalidEmail -->
        <test-method is-config="true" signature="close()[pri:0, instance:testcases.LoginTest@480d3575]" started-at="2023-04-17T14:58:27 IST" name="close" finished-at="2023-04-17T14:58:29 IST" duration-ms="1316" status="PASS">
          <reporter-output>
          </reporter-output>
        </test-method> <!-- close -->
        <test-method is-config="true" signature="Startup()[pri:0, instance:testcases.LoginTest@480d3575]" started-at="2023-04-17T14:58:29 IST" name="Startup" finished-at="2023-04-17T14:58:39 IST" duration-ms="10280" status="PASS">
          <reporter-output>
          </reporter-output>
        </test-method> <!-- Startup -->
        <test-method signature="LoginwithInvalidCredentials1()[pri:4, instance:testcases.LoginTest@480d3575]" started-at="2023-04-17T14:58:39 IST" name="LoginwithInvalidCredentials1" finished-at="2023-04-17T14:58:41 IST" duration-ms="1529" status="PASS">
          <reporter-output>
          </reporter-output>
        </test-method> <!-- LoginwithInvalidCredentials1 -->
        <test-method is-config="true" signature="close()[pri:0, instance:testcases.LoginTest@480d3575]" started-at="2023-04-17T14:58:41 IST" name="close" finished-at="2023-04-17T14:58:42 IST" duration-ms="1279" status="PASS">
          <reporter-output>
          </reporter-output>
        </test-method> <!-- close -->
        <test-method is-config="true" signature="Startup()[pri:0, instance:testcases.LoginTest@480d3575]" started-at="2023-04-17T14:58:42 IST" name="Startup" finished-at="2023-04-17T14:58:51 IST" duration-ms="9197" status="PASS">
          <reporter-output>
          </reporter-output>
        </test-method> <!-- Startup -->
        <test-method signature="LoginwithValidMobileCredentials1()[pri:5, instance:testcases.LoginTest@480d3575]" started-at="2023-04-17T14:58:51 IST" name="LoginwithValidMobileCredentials1" finished-at="2023-04-17T14:58:55 IST" duration-ms="4445" status="PASS">
          <reporter-output>
          </reporter-output>
        </test-method> <!-- LoginwithValidMobileCredentials1 -->
        <test-method is-config="true" signature="close()[pri:0, instance:testcases.LoginTest@480d3575]" started-at="2023-04-17T14:58:55 IST" name="close" finished-at="2023-04-17T14:58:57 IST" duration-ms="1224" status="PASS">
          <reporter-output>
          </reporter-output>
        </test-method> <!-- close -->
        <test-method is-config="true" signature="Startup()[pri:0, instance:testcases.LoginTest@480d3575]" started-at="2023-04-17T14:58:57 IST" name="Startup" finished-at="2023-04-17T14:59:07 IST" duration-ms="9878" status="PASS">
          <reporter-output>
          </reporter-output>
        </test-method> <!-- Startup -->
        <test-method signature="LoginwithMobileInvalidPassword()[pri:6, instance:testcases.LoginTest@480d3575]" started-at="2023-04-17T14:59:07 IST" name="LoginwithMobileInvalidPassword" finished-at="2023-04-17T14:59:08 IST" duration-ms="1170" status="PASS">
          <reporter-output>
          </reporter-output>
        </test-method> <!-- LoginwithMobileInvalidPassword -->
        <test-method is-config="true" signature="close()[pri:0, instance:testcases.LoginTest@480d3575]" started-at="2023-04-17T14:59:08 IST" name="close" finished-at="2023-04-17T14:59:09 IST" duration-ms="1200" status="PASS">
          <reporter-output>
          </reporter-output>
        </test-method> <!-- close -->
        <test-method is-config="true" signature="Startup()[pri:0, instance:testcases.LoginTest@480d3575]" started-at="2023-04-17T14:59:09 IST" name="Startup" finished-at="2023-04-17T14:59:19 IST" duration-ms="9621" status="PASS">
          <reporter-output>
          </reporter-output>
        </test-method> <!-- Startup -->
        <test-method signature="LoginwithInvalidMobilenumber()[pri:7, instance:testcases.LoginTest@480d3575]" started-at="2023-04-17T14:59:19 IST" name="LoginwithInvalidMobilenumber" finished-at="2023-04-17T14:59:20 IST" duration-ms="1215" status="PASS">
          <reporter-output>
          </reporter-output>
        </test-method> <!-- LoginwithInvalidMobilenumber -->
        <test-method is-config="true" signature="close()[pri:0, instance:testcases.LoginTest@480d3575]" started-at="2023-04-17T14:59:20 IST" name="close" finished-at="2023-04-17T14:59:21 IST" duration-ms="1286" status="PASS">
          <reporter-output>
          </reporter-output>
        </test-method> <!-- close -->
        <test-method is-config="true" signature="Startup()[pri:0, instance:testcases.LoginTest@480d3575]" started-at="2023-04-17T14:59:21 IST" name="Startup" finished-at="2023-04-17T14:59:33 IST" duration-ms="12014" status="PASS">
          <reporter-output>
          </reporter-output>
        </test-method> <!-- Startup -->
        <test-method signature="LoginwithInvalidMobileCredentials1()[pri:8, instance:testcases.LoginTest@480d3575]" started-at="2023-04-17T14:59:33 IST" name="LoginwithInvalidMobileCredentials1" finished-at="2023-04-17T14:59:34 IST" duration-ms="1184" status="PASS">
          <reporter-output>
          </reporter-output>
        </test-method> <!-- LoginwithInvalidMobileCredentials1 -->
        <test-method is-config="true" signature="close()[pri:0, instance:testcases.LoginTest@480d3575]" started-at="2023-04-17T14:59:34 IST" name="close" finished-at="2023-04-17T14:59:35 IST" duration-ms="1190" status="PASS">
          <reporter-output>
          </reporter-output>
        </test-method> <!-- close -->
      </class> <!-- testcases.LoginTest -->
      <class name="testcases.CheckinTest">
        <test-method is-config="true" signature="Startup()[pri:0, instance:testcases.CheckinTest@194fad1]" started-at="2023-04-17T14:59:48 IST" name="Startup" finished-at="2023-04-17T14:59:57 IST" duration-ms="9811" status="PASS">
          <reporter-output>
          </reporter-output>
        </test-method> <!-- Startup -->
        <test-method signature="SearchBookingOperation()[pri:0, instance:testcases.CheckinTest@194fad1]" started-at="2023-04-17T14:59:57 IST" name="SearchBookingOperation" finished-at="2023-04-17T14:59:59 IST" duration-ms="1700" status="FAIL">
          <exception class="java.lang.AssertionError">
            <message>
              <![CDATA[expected [Valid PNR or Ticket Number] but found [Invalid PNR or Ticket Number]]]>
            </message>
            <full-stacktrace>
              <![CDATA[java.lang.AssertionError: expected [Valid PNR or Ticket Number] but found [Invalid PNR or Ticket Number]
at org.testng.Assert.fail(Assert.java:110)
at org.testng.Assert.failNotEquals(Assert.java:1577)
at org.testng.Assert.assertEqualsImpl(Assert.java:149)
at org.testng.Assert.assertEquals(Assert.java:131)
at org.testng.Assert.assertEquals(Assert.java:655)
at org.testng.Assert.assertEquals(Assert.java:665)
at pageObjects.CheckinPage.SearchBooking(CheckinPage.java:36)
at testcases.CheckinTest.SearchBookingOperation(CheckinTest.java:15)
at java.base/jdk.internal.reflect.DirectMethodHandleAccessor.invoke(DirectMethodHandleAccessor.java:104)
at java.base/java.lang.reflect.Method.invoke(Method.java:578)
at org.testng.internal.invokers.MethodInvocationHelper.invokeMethod(MethodInvocationHelper.java:139)
at org.testng.internal.invokers.TestInvoker.invokeMethod(TestInvoker.java:677)
at org.testng.internal.invokers.TestInvoker.invokeTestMethod(TestInvoker.java:221)
at org.testng.internal.invokers.MethodRunner.runInSequence(MethodRunner.java:50)
at org.testng.internal.invokers.TestInvoker$MethodInvocationAgent.invoke(TestInvoker.java:969)
at org.testng.internal.invokers.TestInvoker.invokeTestMethods(TestInvoker.java:194)
at org.testng.internal.invokers.TestMethodWorker.invokeTestMethods(TestMethodWorker.java:148)
at org.testng.internal.invokers.TestMethodWorker.run(TestMethodWorker.java:128)
at java.base/java.util.ArrayList.forEach(ArrayList.java:1511)
at org.testng.TestRunner.privateRun(TestRunner.java:829)
at org.testng.TestRunner.run(TestRunner.java:602)
at org.testng.SuiteRunner.runTest(SuiteRunner.java:437)
at org.testng.SuiteRunner.runSequentially(SuiteRunner.java:431)
at org.testng.SuiteRunner.privateRun(SuiteRunner.java:391)
at org.testng.SuiteRunner.run(SuiteRunner.java:330)
at org.testng.SuiteRunnerWorker.runSuite(SuiteRunnerWorker.java:52)
at org.testng.SuiteRunnerWorker.run(SuiteRunnerWorker.java:95)
at org.testng.TestNG.runSuitesSequentially(TestNG.java:1256)
at org.testng.TestNG.runSuitesLocally(TestNG.java:1176)
at org.testng.TestNG.runSuites(TestNG.java:1099)
at org.testng.TestNG.run(TestNG.java:1067)
at org.apache.maven.surefire.testng.TestNGExecutor.run(TestNGExecutor.java:308)
at org.apache.maven.surefire.testng.TestNGXmlTestSuite.execute(TestNGXmlTestSuite.java:71)
at org.apache.maven.surefire.testng.TestNGProvider.invoke(TestNGProvider.java:113)
at org.apache.maven.surefire.booter.ForkedBooter.runSuitesInProcess(ForkedBooter.java:385)
at org.apache.maven.surefire.booter.ForkedBooter.execute(ForkedBooter.java:162)
at org.apache.maven.surefire.booter.ForkedBooter.run(ForkedBooter.java:507)
at org.apache.maven.surefire.booter.ForkedBooter.main(ForkedBooter.java:495)
]]>
            </full-stacktrace>
          </exception> <!-- java.lang.AssertionError -->
          <reporter-output>
          </reporter-output>
        </test-method> <!-- SearchBookingOperation -->
        <test-method is-config="true" signature="close()[pri:0, instance:testcases.CheckinTest@194fad1]" started-at="2023-04-17T14:59:59 IST" name="close" finished-at="2023-04-17T15:00:01 IST" duration-ms="1349" status="PASS">
          <reporter-output>
          </reporter-output>
        </test-method> <!-- close -->
      </class> <!-- testcases.CheckinTest -->
      <class name="testcases.ManageBookingTest">
        <test-method is-config="true" signature="Startup()[pri:0, instance:testcases.ManageBookingTest@f1da57d]" started-at="2023-04-17T14:59:35 IST" name="Startup" finished-at="2023-04-17T14:59:44 IST" duration-ms="8762" status="PASS">
          <reporter-output>
          </reporter-output>
        </test-method> <!-- Startup -->
        <test-method signature="ManageBookingOperation()[pri:0, instance:testcases.ManageBookingTest@f1da57d]" started-at="2023-04-17T14:59:44 IST" name="ManageBookingOperation" finished-at="2023-04-17T14:59:46 IST" duration-ms="2015" status="FAIL">
          <exception class="java.lang.AssertionError">
            <message>
              <![CDATA[expected [Valid PNR or Ticket Number] but found [Invalid PNR or Ticket Number]]]>
            </message>
            <full-stacktrace>
              <![CDATA[java.lang.AssertionError: expected [Valid PNR or Ticket Number] but found [Invalid PNR or Ticket Number]
at org.testng.Assert.fail(Assert.java:110)
at org.testng.Assert.failNotEquals(Assert.java:1577)
at org.testng.Assert.assertEqualsImpl(Assert.java:149)
at org.testng.Assert.assertEquals(Assert.java:131)
at org.testng.Assert.assertEquals(Assert.java:655)
at org.testng.Assert.assertEquals(Assert.java:665)
at pageObjects.ManageBookingPage.SearchBooking(ManageBookingPage.java:36)
at testcases.ManageBookingTest.ManageBookingOperation(ManageBookingTest.java:15)
at java.base/jdk.internal.reflect.DirectMethodHandleAccessor.invoke(DirectMethodHandleAccessor.java:104)
at java.base/java.lang.reflect.Method.invoke(Method.java:578)
at org.testng.internal.invokers.MethodInvocationHelper.invokeMethod(MethodInvocationHelper.java:139)
at org.testng.internal.invokers.TestInvoker.invokeMethod(TestInvoker.java:677)
at org.testng.internal.invokers.TestInvoker.invokeTestMethod(TestInvoker.java:221)
at org.testng.internal.invokers.MethodRunner.runInSequence(MethodRunner.java:50)
at org.testng.internal.invokers.TestInvoker$MethodInvocationAgent.invoke(TestInvoker.java:969)
at org.testng.internal.invokers.TestInvoker.invokeTestMethods(TestInvoker.java:194)
at org.testng.internal.invokers.TestMethodWorker.invokeTestMethods(TestMethodWorker.java:148)
at org.testng.internal.invokers.TestMethodWorker.run(TestMethodWorker.java:128)
at java.base/java.util.ArrayList.forEach(ArrayList.java:1511)
at org.testng.TestRunner.privateRun(TestRunner.java:829)
at org.testng.TestRunner.run(TestRunner.java:602)
at org.testng.SuiteRunner.runTest(SuiteRunner.java:437)
at org.testng.SuiteRunner.runSequentially(SuiteRunner.java:431)
at org.testng.SuiteRunner.privateRun(SuiteRunner.java:391)
at org.testng.SuiteRunner.run(SuiteRunner.java:330)
at org.testng.SuiteRunnerWorker.runSuite(SuiteRunnerWorker.java:52)
at org.testng.SuiteRunnerWorker.run(SuiteRunnerWorker.java:95)
at org.testng.TestNG.runSuitesSequentially(TestNG.java:1256)
at org.testng.TestNG.runSuitesLocally(TestNG.java:1176)
at org.testng.TestNG.runSuites(TestNG.java:1099)
at org.testng.TestNG.run(TestNG.java:1067)
at org.apache.maven.surefire.testng.TestNGExecutor.run(TestNGExecutor.java:308)
at org.apache.maven.surefire.testng.TestNGXmlTestSuite.execute(TestNGXmlTestSuite.java:71)
at org.apache.maven.surefire.testng.TestNGProvider.invoke(TestNGProvider.java:113)
at org.apache.maven.surefire.booter.ForkedBooter.runSuitesInProcess(ForkedBooter.java:385)
at org.apache.maven.surefire.booter.ForkedBooter.execute(ForkedBooter.java:162)
at org.apache.maven.surefire.booter.ForkedBooter.run(ForkedBooter.java:507)
at org.apache.maven.surefire.booter.ForkedBooter.main(ForkedBooter.java:495)
]]>
            </full-stacktrace>
          </exception> <!-- java.lang.AssertionError -->
          <reporter-output>
          </reporter-output>
        </test-method> <!-- ManageBookingOperation -->
        <test-method is-config="true" signature="close()[pri:0, instance:testcases.ManageBookingTest@f1da57d]" started-at="2023-04-17T14:59:46 IST" name="close" finished-at="2023-04-17T14:59:48 IST" duration-ms="1238" status="PASS">
          <reporter-output>
          </reporter-output>
        </test-method> <!-- close -->
      </class> <!-- testcases.ManageBookingTest -->
    </test> <!-- Test -->
  </suite> <!-- Suite -->
</testng-results>
